[detectStrandedness] input metadata:          run     study experiment   cell other replicate treament sample_acc
1 SRR12626558 GSE157858 SRX9108866 MCF10A    NA         1     DMSO SRS7352262
2 SRR12626559 GSE157858 SRX9108867 MCF10A    NA         2     DMSO SRS7352263
3 SRR12626560 GSE157858 SRX9108868 MCF10A    NA         3     DMSO SRS7352264
                                                      title
1 GSM4776926: MCF10A-parental-DMSO-1; Homo sapiens; RNA-Seq
2 GSM4776927: MCF10A-parental-DMSO-2; Homo sapiens; RNA-Seq
3 GSM4776928: MCF10A-parental-DMSO-3; Homo sapiens; RNA-Seq
                                                                                                                       sample_attribute
1  || source_name: MCF10A Parental R1 DMSO 4 hours || cell line: MCF10A || condition: parental || treatment: DMSO || genotype: wildtype
2  || source_name: MCF10A Parental R2 DMSO 4 hours || cell line: MCF10A || condition: parental || treatment: DMSO || genotype: wildtype
3  || source_name: MCF10A Parental R3 DMSO 4 hours || cell line: MCF10A || condition: parental || treatment: DMSO || genotype: wildtype
    spots            platform layout strategy        SRA     phred
1 200.76M Illumina HiSeq 2000      P  RNA-Seq SRA1124415 --phred33
2 177.67M Illumina HiSeq 2000      P  RNA-Seq SRA1124415 --phred33
3 164.55M Illumina HiSeq 2000      P  RNA-Seq SRA1124415 --phred33


Determining strandedness of: SRR12626558 P --phred33

Determining strandedness of: SRR12626559 P --phred33

Determining strandedness of: SRR12626560 P --phred33
[1] "SRR12626558.SAMPLE.sam"
[1] "SRR12626559.SAMPLE.sam"
[1] "SRR12626560.SAMPLE.sam"
[infer_experiment.py]: SRR12626559 = paired-end; F = 0.4850, R = 0.4807
[1] "[infer_experiment.py]: SRR12626559 unstranded"
[infer_experiment.py]: SRR12626558 = paired-end; F = 0.4888, R = 0.4776
[1] "[infer_experiment.py]: SRR12626558 unstranded"
[infer_experiment.py]: SRR12626560 = paired-end; F = 0.4858, R = 0.4796
[1] "[infer_experiment.py]: SRR12626560 unstranded"
