[detectStrandedness] input metadata:         run    study experiment    cell other replicate treament sample_acc
1 SRR4427911 GSE88848 SRX2249434 ARPE-19    4d         1 Parental SRS1749415
2 SRR4427912 GSE88848 SRX2249435 ARPE-19    4d         2 Parental SRS1749416
3 SRR4427913 GSE88848 SRX2249436 ARPE-19    4d         3 Parental SRS1749417
                                           title
1 GSM2350066: 4 day, rep1; Homo sapiens; RNA-Seq
2 GSM2350067: 4 day, rep2; Homo sapiens; RNA-Seq
3 GSM2350068: 4 day, rep3; Homo sapiens; RNA-Seq
                                                                                                                                      sample_attribute
1  || source_name: ARPE-19 cells, 4 days || cell line: ARPE-19 || cell type: retinal pigment epithelial (RPE) cell line || duration of culture: 4 days
2  || source_name: ARPE-19 cells, 4 days || cell line: ARPE-19 || cell type: retinal pigment epithelial (RPE) cell line || duration of culture: 4 days
3  || source_name: ARPE-19 cells, 4 days || cell line: ARPE-19 || cell type: retinal pigment epithelial (RPE) cell line || duration of culture: 4 days
   spots            platform layout strategy       SRA     phred
1 96.79M Illumina HiSeq 2500      P  RNA-Seq SRA485452 --phred33
2 94.83M Illumina HiSeq 2500      P  RNA-Seq SRA485452 --phred33
3 86.07M Illumina HiSeq 2500      P  RNA-Seq SRA485452 --phred33


Determining strandedness of: SRR4427911 P --phred33

Determining strandedness of: SRR4427912 P --phred33

Determining strandedness of: SRR4427913 P --phred33
[1] "SRR4427911.SAMPLE.sam"
[1] "SRR4427912.SAMPLE.sam"
[1] "SRR4427913.SAMPLE.sam"
[infer_experiment.py]: SRR4427912 = paired-end; F = 0.0162, R = 0.9445
[1] "[infer_experiment.py]: SRR4427912 --rna-strandness RF"
[infer_experiment.py]: SRR4427911 = paired-end; F = 0.0153, R = 0.9479
[1] "[infer_experiment.py]: SRR4427911 --rna-strandness RF"
[infer_experiment.py]: SRR4427913 = paired-end; F = 0.0151, R = 0.9469
[1] "[infer_experiment.py]: SRR4427913 --rna-strandness RF"
