[detectStrandedness] input metadata:          run     study  experiment   cell other replicate treament sample_acc
1 SRR14685254 GSE175787 SRX11023595 MCF10A    NA         1 Parental SRS9095529
2 SRR14685255 GSE175787 SRX11023596 MCF10A    NA         2 Parental SRS9095528
3 SRR14685256 GSE175787 SRX11023597 MCF10A    NA         3 Parental SRS9095532
                                                            title
1 GSM5348030: MCF10A wild type replicate 1; Homo sapiens; RNA-Seq
2 GSM5348031: MCF10A wild type replicate 2; Homo sapiens; RNA-Seq
3 GSM5348032: MCF10A wild type replicate 3; Homo sapiens; RNA-Seq
                                                        sample_attribute  spots
1  || source_name: cell line || cell line: MCF10A || genotype: wild-type 82.66M
2  || source_name: cell line || cell line: MCF10A || genotype: wild-type 70.93M
3  || source_name: cell line || cell line: MCF10A || genotype: wild-type 71.24M
             platform layout strategy        SRA     phred
1 Illumina HiSeq 4000      P  RNA-Seq SRA1238531 --phred33
2 Illumina HiSeq 4000      P  RNA-Seq SRA1238531 --phred33
3 Illumina HiSeq 4000      P  RNA-Seq SRA1238531 --phred33


Determining strandedness of: SRR14685254 P --phred33

Determining strandedness of: SRR14685255 P --phred33

Determining strandedness of: SRR14685256 P --phred33
[1] "SRR14685254.SAMPLE.sam"
[1] "SRR14685255.SAMPLE.sam"
[1] "SRR14685256.SAMPLE.sam"
[infer_experiment.py]: SRR14685255 = paired-end; F = 0.0088, R = 0.9539
[1] "[infer_experiment.py]: SRR14685255 --rna-strandness RF"
[infer_experiment.py]: SRR14685254 = paired-end; F = 0.0082, R = 0.9557
[1] "[infer_experiment.py]: SRR14685254 --rna-strandness RF"
[infer_experiment.py]: SRR14685256 = paired-end; F = 0.0072, R = 0.9589
[1] "[infer_experiment.py]: SRR14685256 --rna-strandness RF"
