      study         run  experiment   cell other replicate treament sample_acc
1 GSE175787 SRR14685254 SRX11023595 MCF10A    NA         1 Parental SRS9095529
2 GSE175787 SRR14685255 SRX11023596 MCF10A    NA         2 Parental SRS9095528
3 GSE175787 SRR14685256 SRX11023597 MCF10A    NA         3 Parental SRS9095532
                                                            title
1 GSM5348030: MCF10A wild type replicate 1; Homo sapiens; RNA-Seq
2 GSM5348031: MCF10A wild type replicate 2; Homo sapiens; RNA-Seq
3 GSM5348032: MCF10A wild type replicate 3; Homo sapiens; RNA-Seq
                                                        sample_attribute  spots
1  || source_name: cell line || cell line: MCF10A || genotype: wild-type 82.66M
2  || source_name: cell line || cell line: MCF10A || genotype: wild-type 70.93M
3  || source_name: cell line || cell line: MCF10A || genotype: wild-type 71.24M
             platform layout strategy        SRA
1 Illumina HiSeq 4000      P  RNA-Seq SRA1238531
2 Illumina HiSeq 4000      P  RNA-Seq SRA1238531
3 Illumina HiSeq 4000      P  RNA-Seq SRA1238531


[1] "[detectPhred] Successfully imported metadata:"
numValues: 6, numResults: 0, stopped: TRUE
got results for task 1
numValues: 6, numResults: 1, stopped: TRUE
returning status FALSE
got results for task 2
numValues: 6, numResults: 2, stopped: TRUE
returning status FALSE
got results for task 3
numValues: 6, numResults: 3, stopped: TRUE
returning status FALSE
got results for task 4
numValues: 6, numResults: 4, stopped: TRUE
returning status FALSE
got results for task 5
numValues: 6, numResults: 5, stopped: TRUE
returning status FALSE
got results for task 6
numValues: 6, numResults: 6, stopped: TRUE
calling combine function
evaluating call object to combine results:
  fun(accum, result.1, result.2, result.3, result.4, result.5, 
    result.6)
returning status TRUE
[1] "[detectPhred] ShortRead sampling completed"
[1] "[detectPhred] BEGIN PHRED DETECTION"
[1] "guess: --phred33:35:74"
[1] "guess: --phred33:35:74"
[1] "guess: --phred33:35:74"
[1] "guess: --phred33:35:74"
[1] "guess: --phred33:35:74"
[1] "guess: --phred33:35:74"
[1] "[detectPhred] phreds: --phred33" "[detectPhred] phreds: --phred33"
[3] "[detectPhred] phreds: --phred33" "[detectPhred] phreds: --phred33"
[5] "[detectPhred] phreds: --phred33" "[detectPhred] phreds: --phred33"
[1] "[detectPhred] Phred detection complete"


