[detectStrandedness] input metadata:          run     study  experiment   cell other replicate  treament
1 SRR17321381 GSE192548 SRX13496918 MCF10A    NA         3 siControl
2 SRR17321382 GSE192548 SRX13496917 MCF10A    NA         2 siControl
3 SRR17321383 GSE192548 SRX13496916 MCF10A    NA         1 siControl
   sample_acc
1 SRS11392277
2 SRS11392276
3 SRS11392275
                                                                                    title
1 GSM5751244: MCF10A-M2 cells transfected with siNT (Replicate #3); Homo sapiens; RNA-Seq
2 GSM5751243: MCF10A-M2 cells transfected with siNT (Replicate #2); Homo sapiens; RNA-Seq
3 GSM5751242: MCF10A-M2 cells transfected with siNT (Replicate #1); Homo sapiens; RNA-Seq
                                                                                                                                                                                                                                            sample_attribute
1  || source_name: pre-malignant human breast cell line || cell line: MCF10A-M2 || cell type: MCF10A cells (normal human breast epithelial cell line) transformed with HA-Ras || treatment: transfected with non-targeting siRNA (siNT) || genotype: control
2  || source_name: pre-malignant human breast cell line || cell line: MCF10A-M2 || cell type: MCF10A cells (normal human breast epithelial cell line) transformed with HA-Ras || treatment: transfected with non-targeting siRNA (siNT) || genotype: control
3  || source_name: pre-malignant human breast cell line || cell line: MCF10A-M2 || cell type: MCF10A cells (normal human breast epithelial cell line) transformed with HA-Ras || treatment: transfected with non-targeting siRNA (siNT) || genotype: control
   spots    platform layout strategy        SRA     phred
1 47.08M DNBSEQ-G400      P  RNA-Seq SRA1348288 --phred33
2 47.81M DNBSEQ-G400      P  RNA-Seq SRA1348288 --phred33
3 47.74M DNBSEQ-G400      P  RNA-Seq SRA1348288 --phred33


Determining strandedness of: SRR17321381 P --phred33

Determining strandedness of: SRR17321382 P --phred33

Determining strandedness of: SRR17321383 P --phred33
[1] "SRR17321381.SAMPLE.sam"
[1] "SRR17321382.SAMPLE.sam"
[1] "SRR17321383.SAMPLE.sam"
[infer_experiment.py]: SRR17321381 = paired-end; F = 0.4674, R = 0.4974
[1] "[infer_experiment.py]: SRR17321381 unstranded"
[infer_experiment.py]: SRR17321383 = paired-end; F = 0.4683, R = 0.4975
[1] "[infer_experiment.py]: SRR17321383 unstranded"
[infer_experiment.py]: SRR17321382 = paired-end; F = 0.4705, R = 0.4950
[1] "[infer_experiment.py]: SRR17321382 unstranded"
