      study        run experiment    cell other replicate treament sample_acc
1 GSE121137 SRR8032314 SRX4864917 ARPE-19    NA         1  Control SRS3924214
2 GSE121137 SRR8032315 SRX4864918 ARPE-19    NA         2  Control SRS3924213
3 GSE121137 SRR8032316 SRX4864919 ARPE-19    NA         3  Control SRS3924212
4 GSE121137 SRR8032317 SRX4864919 ARPE-19    NA         3  Control SRS3924212
                                                    title
1 GSM3426716: ARPE19_Control_1_RNA; Homo sapiens; RNA-Seq
2 GSM3426717: ARPE19_Control_2_RNA; Homo sapiens; RNA-Seq
3 GSM3426718: ARPE19_Control_3_RNA; Homo sapiens; RNA-Seq
4 GSM3426718: ARPE19_Control_3_RNA; Homo sapiens; RNA-Seq
                                                                                     sample_attribute
1  || source_name: Retinal Pigment Epithelial Cells || cell type: ARPE-19 Cells || treatment: Control
2  || source_name: Retinal Pigment Epithelial Cells || cell type: ARPE-19 Cells || treatment: Control
3  || source_name: Retinal Pigment Epithelial Cells || cell type: ARPE-19 Cells || treatment: Control
4  || source_name: Retinal Pigment Epithelial Cells || cell type: ARPE-19 Cells || treatment: Control
   spots            platform layout strategy       SRA
1 40.01M Illumina HiSeq 4000      P  RNA-Seq SRA793235
2 36.64M Illumina HiSeq 4000      P  RNA-Seq SRA793235
3 38.64M Illumina HiSeq 4000      P  RNA-Seq SRA793235
4 13.47M Illumina HiSeq 4000      P  RNA-Seq SRA793235


[1] "[detectPhred] Successfully imported metadata:"
numValues: 8, numResults: 0, stopped: TRUE
got results for task 1
numValues: 8, numResults: 1, stopped: TRUE
returning status FALSE
got results for task 2
numValues: 8, numResults: 2, stopped: TRUE
returning status FALSE
got results for task 3
numValues: 8, numResults: 3, stopped: TRUE
returning status FALSE
got results for task 4
numValues: 8, numResults: 4, stopped: TRUE
returning status FALSE
got results for task 5
numValues: 8, numResults: 5, stopped: TRUE
returning status FALSE
got results for task 6
numValues: 8, numResults: 6, stopped: TRUE
returning status FALSE
got results for task 7
numValues: 8, numResults: 7, stopped: TRUE
returning status FALSE
got results for task 8
numValues: 8, numResults: 8, stopped: TRUE
calling combine function
evaluating call object to combine results:
  fun(accum, result.1, result.2, result.3, result.4, result.5, 
    result.6, result.7, result.8)
returning status TRUE
[1] "[detectPhred] ShortRead sampling completed"
[1] "[detectPhred] BEGIN PHRED DETECTION"
[1] "guess: --phred33:52:74"
[1] "guess: --phred33:35:64"
[1] "guess: --phred33:49:73"
[1] "guess: --phred33:35:64"
[1] "guess: --phred33:35:72"
[1] "guess: --phred33:35:64"
[1] "guess: --phred33:35:73"
[1] "guess: --phred33:35:73"
[1] "[detectPhred] phreds: --phred33" "[detectPhred] phreds: --phred33"
[3] "[detectPhred] phreds: --phred33" "[detectPhred] phreds: --phred33"
[5] "[detectPhred] phreds: --phred33" "[detectPhred] phreds: --phred33"
[7] "[detectPhred] phreds: --phred33" "[detectPhred] phreds: --phred33"
[1] "[detectPhred] Phred detection complete"


