      study         run experiment   cell other replicate treament sample_acc
1 GSE141323 SRR10575172 SRX7256472 RWPE-1    NA         1 Parental SRS5753954
2 GSE141323 SRR10575173 SRX7256473 RWPE-1    NA         2 Parental SRS5753955
3 GSE141323 SRR10575174 SRX7256474 RWPE-1    NA         3 Parental SRS5753956
                                      title
1 GSM4200853: RWPE 1; Homo sapiens; RNA-Seq
2 GSM4200854: RWPE 2; Homo sapiens; RNA-Seq
3 GSM4200855: RWPE 3; Homo sapiens; RNA-Seq
                                                                                                   sample_attribute
1  || source_name: cell line || cell line: Benign human prostate stromal cells (BHPrS1) || genotype/variation: RWPE
2  || source_name: cell line || cell line: Benign human prostate stromal cells (BHPrS1) || genotype/variation: RWPE
3  || source_name: cell line || cell line: Benign human prostate stromal cells (BHPrS1) || genotype/variation: RWPE
   spots            platform layout strategy        SRA
1 56.38M Illumina HiSeq 2000      P  RNA-Seq SRA1005664
2 64.32M Illumina HiSeq 2000      P  RNA-Seq SRA1005664
3  62.1M Illumina HiSeq 2000      P  RNA-Seq SRA1005664


[1] "[detectPhred] Successfully imported metadata:"
numValues: 6, numResults: 0, stopped: TRUE
got results for task 1
numValues: 6, numResults: 1, stopped: TRUE
returning status FALSE
got results for task 2
numValues: 6, numResults: 2, stopped: TRUE
returning status FALSE
got results for task 3
numValues: 6, numResults: 3, stopped: TRUE
returning status FALSE
got results for task 4
numValues: 6, numResults: 4, stopped: TRUE
returning status FALSE
got results for task 5
numValues: 6, numResults: 5, stopped: TRUE
returning status FALSE
got results for task 6
numValues: 6, numResults: 6, stopped: TRUE
calling combine function
evaluating call object to combine results:
  fun(accum, result.1, result.2, result.3, result.4, result.5, 
    result.6)
returning status TRUE
[1] "[detectPhred] ShortRead sampling completed"
[1] "[detectPhred] BEGIN PHRED DETECTION"
[1] "guess: --phred33:45:74"
[1] "guess: --phred33:45:74"
[1] "guess: --phred33:45:74"
[1] "guess: --phred33:55:74"
[1] "guess: --phred33:35:74"
[1] "guess: --phred33:45:74"
[1] "[detectPhred] phreds: --phred33" "[detectPhred] phreds: --phred33"
[3] "[detectPhred] phreds: --phred33" "[detectPhred] phreds: --phred33"
[5] "[detectPhred] phreds: --phred33" "[detectPhred] phreds: --phred33"
[1] "[detectPhred] Phred detection complete"


