      study         run experiment    cell other replicate treament sample_acc
1 GSE142591 SRR10766046 SRX7439964 ARPE-19    NA         1 Parental SRS5884474
2 GSE142591 SRR10766047 SRX7439965 ARPE-19    NA         2 Parental SRS5884475
3 GSE142591 SRR10766048 SRX7439966 ARPE-19    NA         3 Parental SRS5884476
                                          title
1 GSM4232567: Con 1 [s1]; Homo sapiens; RNA-Seq
2 GSM4232568: Con 2 [s2]; Homo sapiens; RNA-Seq
3 GSM4232569: Con 3 [s3]; Homo sapiens; RNA-Seq
                                                                                                                                                 sample_attribute
1  || source_name: Human ARPE-19 cells || cell line: ARPE-19 || cell type: Retinal pigment epithelial (RPE) cells || passages: 6-10' || treatment: none (control)
2  || source_name: Human ARPE-19 cells || cell line: ARPE-19 || cell type: Retinal pigment epithelial (RPE) cells || passages: 6-10' || treatment: none (control)
3  || source_name: Human ARPE-19 cells || cell line: ARPE-19 || cell type: Retinal pigment epithelial (RPE) cells || passages: 6-10' || treatment: none (control)
   spots            platform layout strategy        SRA
1 18.67M Illumina HiSeq 4000      P  RNA-Seq SRA1016503
2 21.27M Illumina HiSeq 4000      P  RNA-Seq SRA1016503
3  21.5M Illumina HiSeq 4000      P  RNA-Seq SRA1016503


[1] "[detectPhred] Successfully imported metadata:"
numValues: 6, numResults: 0, stopped: TRUE
got results for task 1
numValues: 6, numResults: 1, stopped: TRUE
returning status FALSE
got results for task 2
numValues: 6, numResults: 2, stopped: TRUE
returning status FALSE
got results for task 3
numValues: 6, numResults: 3, stopped: TRUE
returning status FALSE
got results for task 4
numValues: 6, numResults: 4, stopped: TRUE
returning status FALSE
got results for task 5
numValues: 6, numResults: 5, stopped: TRUE
returning status FALSE
got results for task 6
numValues: 6, numResults: 6, stopped: TRUE
calling combine function
evaluating call object to combine results:
  fun(accum, result.1, result.2, result.3, result.4, result.5, 
    result.6)
returning status TRUE
[1] "[detectPhred] ShortRead sampling completed"
[1] "[detectPhred] BEGIN PHRED DETECTION"
[1] "guess: --phred33:45:74"
[1] "guess: --phred33:35:74"
[1] "guess: --phred33:45:74"
[1] "guess: --phred33:35:74"
[1] "guess: --phred33:45:74"
[1] "guess: --phred33:35:74"
[1] "[detectPhred] phreds: --phred33" "[detectPhred] phreds: --phred33"
[3] "[detectPhred] phreds: --phred33" "[detectPhred] phreds: --phred33"
[5] "[detectPhred] phreds: --phred33" "[detectPhred] phreds: --phred33"
[1] "[detectPhred] Phred detection complete"


