[detectStrandedness] input metadata:          run     study experiment    cell other replicate treament sample_acc
1 SRR10766046 GSE142591 SRX7439964 ARPE-19    NA         1 Parental SRS5884474
2 SRR10766047 GSE142591 SRX7439965 ARPE-19    NA         2 Parental SRS5884475
3 SRR10766048 GSE142591 SRX7439966 ARPE-19    NA         3 Parental SRS5884476
                                          title
1 GSM4232567: Con 1 [s1]; Homo sapiens; RNA-Seq
2 GSM4232568: Con 2 [s2]; Homo sapiens; RNA-Seq
3 GSM4232569: Con 3 [s3]; Homo sapiens; RNA-Seq
                                                                                                                                                 sample_attribute
1  || source_name: Human ARPE-19 cells || cell line: ARPE-19 || cell type: Retinal pigment epithelial (RPE) cells || passages: 6-10' || treatment: none (control)
2  || source_name: Human ARPE-19 cells || cell line: ARPE-19 || cell type: Retinal pigment epithelial (RPE) cells || passages: 6-10' || treatment: none (control)
3  || source_name: Human ARPE-19 cells || cell line: ARPE-19 || cell type: Retinal pigment epithelial (RPE) cells || passages: 6-10' || treatment: none (control)
   spots            platform layout strategy        SRA     phred
1 18.67M Illumina HiSeq 4000      P  RNA-Seq SRA1016503 --phred33
2 21.27M Illumina HiSeq 4000      P  RNA-Seq SRA1016503 --phred33
3  21.5M Illumina HiSeq 4000      P  RNA-Seq SRA1016503 --phred33


Determining strandedness of: SRR10766046 P --phred33

Determining strandedness of: SRR10766047 P --phred33

Determining strandedness of: SRR10766048 P --phred33
[1] "SRR10766046.SAMPLE.sam"
[1] "SRR10766047.SAMPLE.sam"
[1] "SRR10766048.SAMPLE.sam"
[infer_experiment.py]: SRR10766046 = paired-end; F = 0.0119, R = 0.9482
[1] "[infer_experiment.py]: SRR10766046 --rna-strandness RF"
[infer_experiment.py]: SRR10766048 = paired-end; F = 0.0124, R = 0.9508
[1] "[infer_experiment.py]: SRR10766048 --rna-strandness RF"
[infer_experiment.py]: SRR10766047 = paired-end; F = 0.0124, R = 0.9501
[1] "[infer_experiment.py]: SRR10766047 --rna-strandness RF"
