[1] "SRR5558491" "SRR5558489" "SRR5558490" "SRR5558492" "SRR5558493"
[1] "SRR5558491"
[1] "/opt/sratoolkit.2.10.8-ubuntu64/bin/prefetch -p -o SRR5558491.sra SRR5558491"
[1] "SRR5558489"
[1] "/opt/sratoolkit.2.10.8-ubuntu64/bin/prefetch -p -o SRR5558489.sra SRR5558489"
[1] "SRR5558490"
[1] "/opt/sratoolkit.2.10.8-ubuntu64/bin/prefetch -p -o SRR5558490.sra SRR5558490"
[1] "SRR5558492"
[1] "/opt/sratoolkit.2.10.8-ubuntu64/bin/prefetch -p -o SRR5558492.sra SRR5558492"
[1] "SRR5558493"
[1] "/opt/sratoolkit.2.10.8-ubuntu64/bin/prefetch -p -o SRR5558493.sra SRR5558493"
Rejected 1510925 READS because READLEN < 1 Read 1510925 spots for SRR5558489.sra Written 1510925 spots for SRR5558489.sra Rejected 1510925 READS because READLEN < 1 Read 1510925 spots for SRR5558489.sra Written 1510925 spots for SRR5558489.sra Rejected 1510925 READS because READLEN < 1 Read 1510925 spots for SRR5558489.sra Written 1510925 spots for SRR5558489.sra Rejected 1510925 READS because READLEN < 1 Read 1510925 spots for SRR5558489.sra Written 1510925 spots for SRR5558489.sra Rejected 1510925 READS because READLEN < 1 Read 1510925 spots for SRR5558489.sra Written 1510925 spots for SRR5558489.sra Rejected 1510925 READS because READLEN < 1 Read 1510925 spots for SRR5558489.sra Written 1510925 spots for SRR5558489.sra Rejected 1510925 READS because READLEN < 1 Read 1510925 spots for SRR5558489.sra Written 1510925 spots for SRR5558489.sra Rejected 1510925 READS because READLEN < 1 Read 1510925 spots for SRR5558489.sra Written 1510925 spots for SRR5558489.sra Rejected 1510925 READS because READLEN < 1 Read 1510925 spots for SRR5558489.sra Written 1510925 spots for SRR5558489.sra Rejected 1510925 READS because READLEN < 1 Read 1510925 spots for SRR5558489.sra Written 1510925 spots for SRR5558489.sra Rejected 1510944 READS because READLEN < 1 Read 1510944 spots for SRR5558489.sra Written 1510944 spots for SRR5558489.sra Rejected 1510925 READS because READLEN < 1 Read 1510925 spots for SRR5558489.sra Written 1510925 spots for SRR5558489.sra Rejected 1510925 READS because READLEN < 1 Read 1510925 spots for SRR5558489.sra Written 1510925 spots for SRR5558489.sra Rejected 1510925 READS because READLEN < 1 Read 1510925 spots for SRR5558489.sra Written 1510925 spots for SRR5558489.sra Rejected 1510925 READS because READLEN < 1 Read 1510925 spots for SRR5558489.sra Written 1510925 spots for SRR5558489.sra Rejected 1510925 READS because READLEN < 1 Read 1510925 spots for SRR5558489.sra Written 1510925 spots for SRR5558489.sra Rejected 1510925 READS because READLEN < 1 Read 1510925 spots for SRR5558489.sra Written 1510925 spots for SRR5558489.sra Rejected 1510925 READS because READLEN < 1 Read 1510925 spots for SRR5558489.sra Written 1510925 spots for SRR5558489.sra Rejected 1510925 READS because READLEN < 1 Read 1510925 spots for SRR5558489.sra Written 1510925 spots for SRR5558489.sra Rejected 1510925 READS because READLEN < 1 Read 1510925 spots for SRR5558489.sra Written 1510925 spots for SRR5558489.sra Rejected 1510925 READS because READLEN < 1 Read 1510925 spots for SRR5558489.sra Written 1510925 spots for SRR5558489.sra Rejected 1510925 READS because READLEN < 1 Read 1510925 spots for SRR5558489.sra Written 1510925 spots for SRR5558489.sra Rejected 1510925 READS because READLEN < 1 Read 1510925 spots for SRR5558489.sra Written 1510925 spots for SRR5558489.sra Rejected 1510925 READS because READLEN < 1 Read 1510925 spots for SRR5558489.sra Written 1510925 spots for SRR5558489.sra Rejected 1510925 READS because READLEN < 1 Read 1510925 spots for SRR5558489.sra Written 1510925 spots for SRR5558489.sra Rejected 1510925 READS because READLEN < 1 Read 1510925 spots for SRR5558489.sra Written 1510925 spots for SRR5558489.sra Rejected 1510925 READS because READLEN < 1 Read 1510925 spots for SRR5558489.sra Written 1510925 spots for SRR5558489.sra Rejected 1510925 READS because READLEN < 1 Read 1510925 spots for SRR5558489.sra Written 1510925 spots for SRR5558489.sra Rejected 1510925 READS because READLEN < 1 Read 1510925 spots for SRR5558489.sra Written 1510925 spots for SRR5558489.sra Rejected 1510925 READS because READLEN < 1 Read 1510925 spots for SRR5558489.sra Written 1510925 spots for SRR5558489.sra

Rejected 1800753 READS because READLEN < 1 Read 1800753 spots for SRR5558490.sra Written 1800753 spots for SRR5558490.sra Rejected 1800753 READS because READLEN < 1 Read 1800753 spots for SRR5558490.sra Written 1800753 spots for SRR5558490.sra Rejected 1800753 READS because READLEN < 1 Read 1800753 spots for SRR5558490.sra Written 1800753 spots for SRR5558490.sra Rejected 1800764 READS because READLEN < 1 Read 1800764 spots for SRR5558490.sra Written 1800764 spots for SRR5558490.sra Rejected 1800753 READS because READLEN < 1 Read 1800753 spots for SRR5558490.sra Written 1800753 spots for SRR5558490.sra Rejected 1800753 READS because READLEN < 1 Read 1800753 spots for SRR5558490.sra Written 1800753 spots for SRR5558490.sra Rejected 1800753 READS because READLEN < 1 Read 1800753 spots for SRR5558490.sra Written 1800753 spots for SRR5558490.sra Rejected 1800753 READS because READLEN < 1 Read 1800753 spots for SRR5558490.sra Written 1800753 spots for SRR5558490.sra Rejected 1800753 READS because READLEN < 1 Read 1800753 spots for SRR5558490.sra Written 1800753 spots for SRR5558490.sra Rejected 1800753 READS because READLEN < 1 Read 1800753 spots for SRR5558490.sra Written 1800753 spots for SRR5558490.sra Rejected 1800753 READS because READLEN < 1 Read 1800753 spots for SRR5558490.sra Written 1800753 spots for SRR5558490.sra Rejected 1800753 READS because READLEN < 1 Read 1800753 spots for SRR5558490.sra Written 1800753 spots for SRR5558490.sra Rejected 1800753 READS because READLEN < 1 Read 1800753 spots for SRR5558490.sra Written 1800753 spots for SRR5558490.sra Rejected 1800753 READS because READLEN < 1 Read 1800753 spots for SRR5558490.sra Written 1800753 spots for SRR5558490.sra Rejected 1800753 READS because READLEN < 1 Read 1800753 spots for SRR5558490.sra Written 1800753 spots for SRR5558490.sra Rejected 1800753 READS because READLEN < 1 Read 1800753 spots for SRR5558490.sra Written 1800753 spots for SRR5558490.sra Rejected 1800753 READS because READLEN < 1 Read 1800753 spots for SRR5558490.sra Written 1800753 spots for SRR5558490.sra Rejected 1800753 READS because READLEN < 1 Read 1800753 spots for SRR5558490.sra Written 1800753 spots for SRR5558490.sra Rejected 1800753 READS because READLEN < 1 Read 1800753 spots for SRR5558490.sra Written 1800753 spots for SRR5558490.sra Rejected 1800753 READS because READLEN < 1 Read 1800753 spots for SRR5558490.sra Written 1800753 spots for SRR5558490.sra Rejected 1800753 READS because READLEN < 1 Read 1800753 spots for SRR5558490.sra Written 1800753 spots for SRR5558490.sra Rejected 1800753 READS because READLEN < 1 Read 1800753 spots for SRR5558490.sra Written 1800753 spots for SRR5558490.sra Rejected 1800753 READS because READLEN < 1 Read 1800753 spots for SRR5558490.sra Written 1800753 spots for SRR5558490.sra Rejected 1800753 READS because READLEN < 1 Read 1800753 spots for SRR5558490.sra Written 1800753 spots for SRR5558490.sra Rejected 1800753 READS because READLEN < 1 Read 1800753 spots for SRR5558490.sra Written 1800753 spots for SRR5558490.sra Rejected 1800753 READS because READLEN < 1 Read 1800753 spots for SRR5558490.sra Written 1800753 spots for SRR5558490.sra Rejected 1800753 READS because READLEN < 1 Read 1800753 spots for SRR5558490.sra Written 1800753 spots for SRR5558490.sra Rejected 1800753 READS because READLEN < 1 Read 1800753 spots for SRR5558490.sra Written 1800753 spots for SRR5558490.sra Rejected 1800753 READS because READLEN < 1 Read 1800753 spots for SRR5558490.sra Written 1800753 spots for SRR5558490.sra Rejected 1800753 READS because READLEN < 1 Read 1800753 spots for SRR5558490.sra Written 1800753 spots for SRR5558490.sra

Rejected 1626935 READS because READLEN < 1 Read 1626935 spots for SRR5558491.sra Written 1626935 spots for SRR5558491.sra Rejected 1626935 READS because READLEN < 1 Read 1626935 spots for SRR5558491.sra Written 1626935 spots for SRR5558491.sra Rejected 1626935 READS because READLEN < 1 Read 1626935 spots for SRR5558491.sra Written 1626935 spots for SRR5558491.sra Rejected 1626935 READS because READLEN < 1 Read 1626935 spots for SRR5558491.sra Written 1626935 spots for SRR5558491.sra Rejected 1626953 READS because READLEN < 1 Read 1626953 spots for SRR5558491.sra Written 1626953 spots for SRR5558491.sra Rejected 1626935 READS because READLEN < 1 Read 1626935 spots for SRR5558491.sra Written 1626935 spots for SRR5558491.sra Rejected 1626935 READS because READLEN < 1 Read 1626935 spots for SRR5558491.sra Written 1626935 spots for SRR5558491.sra Rejected 1626935 READS because READLEN < 1 Read 1626935 spots for SRR5558491.sra Written 1626935 spots for SRR5558491.sra Rejected 1626935 READS because READLEN < 1 Read 1626935 spots for SRR5558491.sra Written 1626935 spots for SRR5558491.sra Rejected 1626935 READS because READLEN < 1 Read 1626935 spots for SRR5558491.sra Written 1626935 spots for SRR5558491.sra Rejected 1626935 READS because READLEN < 1 Read 1626935 spots for SRR5558491.sra Written 1626935 spots for SRR5558491.sra Rejected 1626935 READS because READLEN < 1 Read 1626935 spots for SRR5558491.sra Written 1626935 spots for SRR5558491.sra Rejected 1626935 READS because READLEN < 1 Read 1626935 spots for SRR5558491.sra Written 1626935 spots for SRR5558491.sra Rejected 1626935 READS because READLEN < 1 Read 1626935 spots for SRR5558491.sra Written 1626935 spots for SRR5558491.sra Rejected 1626935 READS because READLEN < 1 Read 1626935 spots for SRR5558491.sra Written 1626935 spots for SRR5558491.sra Rejected 1626935 READS because READLEN < 1 Read 1626935 spots for SRR5558491.sra Written 1626935 spots for SRR5558491.sra Rejected 1626935 READS because READLEN < 1 Read 1626935 spots for SRR5558491.sra Written 1626935 spots for SRR5558491.sra Rejected 1626935 READS because READLEN < 1 Read 1626935 spots for SRR5558491.sra Written 1626935 spots for SRR5558491.sra Rejected 1626935 READS because READLEN < 1 Read 1626935 spots for SRR5558491.sra Written 1626935 spots for SRR5558491.sra Rejected 1626935 READS because READLEN < 1 Read 1626935 spots for SRR5558491.sra Written 1626935 spots for SRR5558491.sra Rejected 1626935 READS because READLEN < 1 Read 1626935 spots for SRR5558491.sra Written 1626935 spots for SRR5558491.sra Rejected 1626935 READS because READLEN < 1 Read 1626935 spots for SRR5558491.sra Written 1626935 spots for SRR5558491.sra Rejected 1626935 READS because READLEN < 1 Read 1626935 spots for SRR5558491.sra Written 1626935 spots for SRR5558491.sra Rejected 1626935 READS because READLEN < 1 Read 1626935 spots for SRR5558491.sra Written 1626935 spots for SRR5558491.sra Rejected 1626935 READS because READLEN < 1 Read 1626935 spots for SRR5558491.sra Written 1626935 spots for SRR5558491.sra Rejected 1626935 READS because READLEN < 1 Read 1626935 spots for SRR5558491.sra Written 1626935 spots for SRR5558491.sra Rejected 1626935 READS because READLEN < 1 Read 1626935 spots for SRR5558491.sra Written 1626935 spots for SRR5558491.sra Rejected 1626935 READS because READLEN < 1 Read 1626935 spots for SRR5558491.sra Written 1626935 spots for SRR5558491.sra Rejected 1626935 READS because READLEN < 1 Read 1626935 spots for SRR5558491.sra Written 1626935 spots for SRR5558491.sra Rejected 1626935 READS because READLEN < 1 Read 1626935 spots for SRR5558491.sra Written 1626935 spots for SRR5558491.sra

Rejected 1739921 READS because READLEN < 1 Read 1739921 spots for SRR5558492.sra Written 1739921 spots for SRR5558492.sra Rejected 1739921 READS because READLEN < 1 Read 1739921 spots for SRR5558492.sra Written 1739921 spots for SRR5558492.sra Rejected 1739921 READS because READLEN < 1 Read 1739921 spots for SRR5558492.sra Written 1739921 spots for SRR5558492.sra Rejected 1739921 READS because READLEN < 1 Read 1739921 spots for SRR5558492.sra Written 1739921 spots for SRR5558492.sra Rejected 1739921 READS because READLEN < 1 Read 1739921 spots for SRR5558492.sra Written 1739921 spots for SRR5558492.sra Rejected 1739921 READS because READLEN < 1 Read 1739921 spots for SRR5558492.sra Written 1739921 spots for SRR5558492.sra Rejected 1739921 READS because READLEN < 1 Read 1739921 spots for SRR5558492.sra Written 1739921 spots for SRR5558492.sra Rejected 1739921 READS because READLEN < 1 Read 1739921 spots for SRR5558492.sra Written 1739921 spots for SRR5558492.sra Rejected 1739921 READS because READLEN < 1 Read 1739921 spots for SRR5558492.sra Written 1739921 spots for SRR5558492.sra Rejected 1739921 READS because READLEN < 1 Read 1739921 spots for SRR5558492.sra Written 1739921 spots for SRR5558492.sra Rejected 1739943 READS because READLEN < 1 Read 1739943 spots for SRR5558492.sra Written 1739943 spots for SRR5558492.sra Rejected 1739921 READS because READLEN < 1 Read 1739921 spots for SRR5558492.sra Written 1739921 spots for SRR5558492.sra Rejected 1739921 READS because READLEN < 1 Read 1739921 spots for SRR5558492.sra Written 1739921 spots for SRR5558492.sra Rejected 1739921 READS because READLEN < 1 Read 1739921 spots for SRR5558492.sra Written 1739921 spots for SRR5558492.sra Rejected 1739921 READS because READLEN < 1 Read 1739921 spots for SRR5558492.sra Written 1739921 spots for SRR5558492.sra Rejected 1739921 READS because READLEN < 1 Read 1739921 spots for SRR5558492.sra Written 1739921 spots for SRR5558492.sra Rejected 1739921 READS because READLEN < 1 Read 1739921 spots for SRR5558492.sra Written 1739921 spots for SRR5558492.sra Rejected 1739921 READS because READLEN < 1 Read 1739921 spots for SRR5558492.sra Written 1739921 spots for SRR5558492.sra Rejected 1739921 READS because READLEN < 1 Read 1739921 spots for SRR5558492.sra Written 1739921 spots for SRR5558492.sra Rejected 1739921 READS because READLEN < 1 Read 1739921 spots for SRR5558492.sra Written 1739921 spots for SRR5558492.sra Rejected 1739921 READS because READLEN < 1 Read 1739921 spots for SRR5558492.sra Written 1739921 spots for SRR5558492.sra Rejected 1739921 READS because READLEN < 1 Read 1739921 spots for SRR5558492.sra Written 1739921 spots for SRR5558492.sra Rejected 1739921 READS because READLEN < 1 Read 1739921 spots for SRR5558492.sra Written 1739921 spots for SRR5558492.sra Rejected 1739921 READS because READLEN < 1 Read 1739921 spots for SRR5558492.sra Written 1739921 spots for SRR5558492.sra Rejected 1739921 READS because READLEN < 1 Read 1739921 spots for SRR5558492.sra Written 1739921 spots for SRR5558492.sra Rejected 1739921 READS because READLEN < 1 Read 1739921 spots for SRR5558492.sra Written 1739921 spots for SRR5558492.sra Rejected 1739921 READS because READLEN < 1 Read 1739921 spots for SRR5558492.sra Written 1739921 spots for SRR5558492.sra Rejected 1739921 READS because READLEN < 1 Read 1739921 spots for SRR5558492.sra Written 1739921 spots for SRR5558492.sra Rejected 1739921 READS because READLEN < 1 Read 1739921 spots for SRR5558492.sra Written 1739921 spots for SRR5558492.sra Rejected 1739921 READS because READLEN < 1 Read 1739921 spots for SRR5558492.sra Written 1739921 spots for SRR5558492.sra

Rejected 1434726 READS because READLEN < 1 Read 1434726 spots for SRR5558493.sra Written 1434726 spots for SRR5558493.sra Rejected 1434726 READS because READLEN < 1 Read 1434726 spots for SRR5558493.sra Written 1434726 spots for SRR5558493.sra Rejected 1434726 READS because READLEN < 1 Read 1434726 spots for SRR5558493.sra Written 1434726 spots for SRR5558493.sra Rejected 1434726 READS because READLEN < 1 Read 1434726 spots for SRR5558493.sra Written 1434726 spots for SRR5558493.sra Rejected 1434726 READS because READLEN < 1 Read 1434726 spots for SRR5558493.sra Written 1434726 spots for SRR5558493.sra Rejected 1434726 READS because READLEN < 1 Read 1434726 spots for SRR5558493.sra Written 1434726 spots for SRR5558493.sra Rejected 1434726 READS because READLEN < 1 Read 1434726 spots for SRR5558493.sra Written 1434726 spots for SRR5558493.sra Rejected 1434726 READS because READLEN < 1 Read 1434726 spots for SRR5558493.sra Written 1434726 spots for SRR5558493.sra Rejected 1434726 READS because READLEN < 1 Read 1434726 spots for SRR5558493.sra Written 1434726 spots for SRR5558493.sra Rejected 1434726 READS because READLEN < 1 Read 1434726 spots for SRR5558493.sra Written 1434726 spots for SRR5558493.sra Rejected 1434726 READS because READLEN < 1 Read 1434726 spots for SRR5558493.sra Written 1434726 spots for SRR5558493.sra Rejected 1434726 READS because READLEN < 1 Read 1434726 spots for SRR5558493.sra Written 1434726 spots for SRR5558493.sra Rejected 1434726 READS because READLEN < 1 Read 1434726 spots for SRR5558493.sra Written 1434726 spots for SRR5558493.sra Rejected 1434726 READS because READLEN < 1 Read 1434726 spots for SRR5558493.sra Written 1434726 spots for SRR5558493.sra Rejected 1434726 READS because READLEN < 1 Read 1434726 spots for SRR5558493.sra Written 1434726 spots for SRR5558493.sra Rejected 1434726 READS because READLEN < 1 Read 1434726 spots for SRR5558493.sra Written 1434726 spots for SRR5558493.sra Rejected 1434726 READS because READLEN < 1 Read 1434726 spots for SRR5558493.sra Written 1434726 spots for SRR5558493.sra Rejected 1434726 READS because READLEN < 1 Read 1434726 spots for SRR5558493.sra Written 1434726 spots for SRR5558493.sra Rejected 1434726 READS because READLEN < 1 Read 1434726 spots for SRR5558493.sra Written 1434726 spots for SRR5558493.sra Rejected 1434726 READS because READLEN < 1 Read 1434726 spots for SRR5558493.sra Written 1434726 spots for SRR5558493.sra Rejected 1434726 READS because READLEN < 1 Read 1434726 spots for SRR5558493.sra Written 1434726 spots for SRR5558493.sra Rejected 1434726 READS because READLEN < 1 Read 1434726 spots for SRR5558493.sra Written 1434726 spots for SRR5558493.sra Rejected 1434726 READS because READLEN < 1 Read 1434726 spots for SRR5558493.sra Written 1434726 spots for SRR5558493.sra Rejected 1434726 READS because READLEN < 1 Read 1434726 spots for SRR5558493.sra Written 1434726 spots for SRR5558493.sra Rejected 1434737 READS because READLEN < 1 Read 1434737 spots for SRR5558493.sra Written 1434737 spots for SRR5558493.sra Rejected 1434726 READS because READLEN < 1 Read 1434726 spots for SRR5558493.sra Written 1434726 spots for SRR5558493.sra Rejected 1434726 READS because READLEN < 1 Read 1434726 spots for SRR5558493.sra Written 1434726 spots for SRR5558493.sra Rejected 1434726 READS because READLEN < 1 Read 1434726 spots for SRR5558493.sra Written 1434726 spots for SRR5558493.sra Rejected 1434726 READS because READLEN < 1 Read 1434726 spots for SRR5558493.sra Written 1434726 spots for SRR5558493.sra Rejected 1434726 READS because READLEN < 1 Read 1434726 spots for SRR5558493.sra Written 1434726 spots for SRR5558493.sra

     study        run experiment   cell other replicate  treament sample_acc
1 GSE98898 SRR5558491 SRX2821648 RWPE-1    NA         3 sgControl SRS2198790
2 GSE98898 SRR5558489 SRX2821656 RWPE-1    NA         1 sgControl SRS2198798
3 GSE98898 SRR5558490 SRX2821657 RWPE-1    NA         2 sgControl SRS2198799
4 GSE98898 SRR5558492 SRX2821658 RWPE-1    NA         4 sgControl SRS2198800
5 GSE98898 SRR5558493 SRX2821659 RWPE-1    NA         5 sgControl SRS2198801
                                                    title
1 GSM2627210: Control RNA-seq rep3; Homo sapiens; RNA-Seq
2 GSM2627208: Control RNA-seq rep1; Homo sapiens; RNA-Seq
3 GSM2627209: Control RNA-seq rep2; Homo sapiens; RNA-Seq
4 GSM2627211: Control RNA-seq rep4; Homo sapiens; RNA-Seq
5 GSM2627212: Control RNA-seq rep5; Homo sapiens; RNA-Seq
                                                                                                               sample_attribute
1  || source_name: Control || cell line: prostate cell line RWPE1 || treatment: Genome Editing || genotype/variation: wild type
2  || source_name: Control || cell line: prostate cell line RWPE1 || treatment: Genome Editing || genotype/variation: wild type
3  || source_name: Control || cell line: prostate cell line RWPE1 || treatment: Genome Editing || genotype/variation: wild type
4  || source_name: Control || cell line: prostate cell line RWPE1 || treatment: Genome Editing || genotype/variation: wild type
5  || source_name: Control || cell line: prostate cell line RWPE1 || treatment: Genome Editing || genotype/variation: wild type
   spots    platform layout strategy       SRA
1 48.81M NextSeq 500      S  RNA-Seq SRA561771
2 45.33M NextSeq 500      S  RNA-Seq SRA561771
3 54.02M NextSeq 500      S  RNA-Seq SRA561771
4  52.2M NextSeq 500      S  RNA-Seq SRA561771
5 43.04M NextSeq 500      S  RNA-Seq SRA561771


[1] "[detectPhred] Successfully imported metadata:"
numValues: 5, numResults: 0, stopped: TRUE
got results for task 1
numValues: 5, numResults: 1, stopped: TRUE
returning status FALSE
got results for task 2
numValues: 5, numResults: 2, stopped: TRUE
returning status FALSE
got results for task 3
numValues: 5, numResults: 3, stopped: TRUE
returning status FALSE
got results for task 4
numValues: 5, numResults: 4, stopped: TRUE
returning status FALSE
got results for task 5
numValues: 5, numResults: 5, stopped: TRUE
calling combine function
evaluating call object to combine results:
  fun(accum, result.1, result.2, result.3, result.4, result.5)
returning status TRUE
[1] "[detectPhred] ShortRead sampling completed"
[1] "[detectPhred] BEGIN PHRED DETECTION"
[1] "guess: --phred33:35:69"
[1] "guess: --phred33:35:69"
[1] "guess: --phred33:35:69"
[1] "guess: --phred33:35:69"
[1] "guess: --phred33:35:69"
[1] "[detectPhred] phreds: --phred33" "[detectPhred] phreds: --phred33"
[3] "[detectPhred] phreds: --phred33" "[detectPhred] phreds: --phred33"
[5] "[detectPhred] phreds: --phred33"
[1] "[detectPhred] Phred detection complete"


[detectStrandedness] input metadata:         run    study experiment   cell other replicate  treament sample_acc
1 SRR5558489 GSE98898 SRX2821656 RWPE-1    NA         1 sgControl SRS2198798
2 SRR5558490 GSE98898 SRX2821657 RWPE-1    NA         2 sgControl SRS2198799
3 SRR5558491 GSE98898 SRX2821648 RWPE-1    NA         3 sgControl SRS2198790
4 SRR5558492 GSE98898 SRX2821658 RWPE-1    NA         4 sgControl SRS2198800
5 SRR5558493 GSE98898 SRX2821659 RWPE-1    NA         5 sgControl SRS2198801
                                                    title
1 GSM2627208: Control RNA-seq rep1; Homo sapiens; RNA-Seq
2 GSM2627209: Control RNA-seq rep2; Homo sapiens; RNA-Seq
3 GSM2627210: Control RNA-seq rep3; Homo sapiens; RNA-Seq
4 GSM2627211: Control RNA-seq rep4; Homo sapiens; RNA-Seq
5 GSM2627212: Control RNA-seq rep5; Homo sapiens; RNA-Seq
                                                                                                               sample_attribute
1  || source_name: Control || cell line: prostate cell line RWPE1 || treatment: Genome Editing || genotype/variation: wild type
2  || source_name: Control || cell line: prostate cell line RWPE1 || treatment: Genome Editing || genotype/variation: wild type
3  || source_name: Control || cell line: prostate cell line RWPE1 || treatment: Genome Editing || genotype/variation: wild type
4  || source_name: Control || cell line: prostate cell line RWPE1 || treatment: Genome Editing || genotype/variation: wild type
5  || source_name: Control || cell line: prostate cell line RWPE1 || treatment: Genome Editing || genotype/variation: wild type
   spots    platform layout strategy       SRA     phred
1 45.33M NextSeq 500      S  RNA-Seq SRA561771 --phred33
2 54.02M NextSeq 500      S  RNA-Seq SRA561771 --phred33
3 48.81M NextSeq 500      S  RNA-Seq SRA561771 --phred33
4  52.2M NextSeq 500      S  RNA-Seq SRA561771 --phred33
5 43.04M NextSeq 500      S  RNA-Seq SRA561771 --phred33


Determining strandedness of: SRR5558489 S --phred33

Determining strandedness of: SRR5558490 S --phred33

Determining strandedness of: SRR5558491 S --phred33

Determining strandedness of: SRR5558492 S --phred33

Determining strandedness of: SRR5558493 S --phred33
[1] "SRR5558489.SAMPLE.sam"
[1] "SRR5558490.SAMPLE.sam"
[1] "SRR5558491.SAMPLE.sam"
[1][1] "SRR5558492.SAMPLE.sam"
 "SRR5558493.SAMPLE.sam"
[infer_experiment.py]:SRR5558492 = single-end; F = 0.0247, R = 0.9383
[1] "[infer_experiment.py]: SRR5558492 --rna-strandness R"
[infer_experiment.py]:SRR5558490 = single-end; F = 0.0285, R = 0.9366
[1] "[infer_experiment.py]: SRR5558490 --rna-strandness R"
[infer_experiment.py]:SRR5558493 = single-end; F = 0.0243, R = 0.9395
[1] "[infer_experiment.py]: SRR5558493 --rna-strandness R"
[infer_experiment.py]:SRR5558489 = single-end; F = 0.0241, R = 0.9397
[1] "[infer_experiment.py]: SRR5558489 --rna-strandness R"
[infer_experiment.py]:SRR5558491 = single-end; F = 0.0254, R = 0.9395
[1] "[infer_experiment.py]: SRR5558491 --rna-strandness R"
         run    study experiment   cell other replicate  treament sample_acc
1 SRR5558489 GSE98898 SRX2821656 RWPE-1    NA         1 sgControl SRS2198798
2 SRR5558490 GSE98898 SRX2821657 RWPE-1    NA         2 sgControl SRS2198799
3 SRR5558491 GSE98898 SRX2821648 RWPE-1    NA         3 sgControl SRS2198790
4 SRR5558492 GSE98898 SRX2821658 RWPE-1    NA         4 sgControl SRS2198800
5 SRR5558493 GSE98898 SRX2821659 RWPE-1    NA         5 sgControl SRS2198801
                                                    title
1 GSM2627208: Control RNA-seq rep1; Homo sapiens; RNA-Seq
2 GSM2627209: Control RNA-seq rep2; Homo sapiens; RNA-Seq
3 GSM2627210: Control RNA-seq rep3; Homo sapiens; RNA-Seq
4 GSM2627211: Control RNA-seq rep4; Homo sapiens; RNA-Seq
5 GSM2627212: Control RNA-seq rep5; Homo sapiens; RNA-Seq
                                                                                                               sample_attribute
1  || source_name: Control || cell line: prostate cell line RWPE1 || treatment: Genome Editing || genotype/variation: wild type
2  || source_name: Control || cell line: prostate cell line RWPE1 || treatment: Genome Editing || genotype/variation: wild type
3  || source_name: Control || cell line: prostate cell line RWPE1 || treatment: Genome Editing || genotype/variation: wild type
4  || source_name: Control || cell line: prostate cell line RWPE1 || treatment: Genome Editing || genotype/variation: wild type
5  || source_name: Control || cell line: prostate cell line RWPE1 || treatment: Genome Editing || genotype/variation: wild type
   spots    platform layout strategy       SRA     phred             strand
1 45.33M NextSeq 500      S  RNA-Seq SRA561771 --phred33 --rna-strandness R
2 54.02M NextSeq 500      S  RNA-Seq SRA561771 --phred33 --rna-strandness R
3 48.81M NextSeq 500      S  RNA-Seq SRA561771 --phred33 --rna-strandness R
4  52.2M NextSeq 500      S  RNA-Seq SRA561771 --phred33 --rna-strandness R
5 43.04M NextSeq 500      S  RNA-Seq SRA561771 --phred33 --rna-strandness R
Counting SRR5558489 with kallisto
kallisto quant -i /home/adam/projects/2020-08-16_HCMV_M5_A19_1315_non-canonical/1-RP_kallisto_database/vector_TB40-nonCanonical_TB40_gencode34.idx -o SRR5558489 --single -l 200 -s 20 -b 30 --rf-stranded -t 30   ./SRR5558489_1.fastqCounting SRR5558490 with kallisto
kallisto quant -i /home/adam/projects/2020-08-16_HCMV_M5_A19_1315_non-canonical/1-RP_kallisto_database/vector_TB40-nonCanonical_TB40_gencode34.idx -o SRR5558490 --single -l 200 -s 20 -b 30 --rf-stranded -t 30   ./SRR5558490_1.fastqCounting SRR5558491 with kallisto
kallisto quant -i /home/adam/projects/2020-08-16_HCMV_M5_A19_1315_non-canonical/1-RP_kallisto_database/vector_TB40-nonCanonical_TB40_gencode34.idx -o SRR5558491 --single -l 200 -s 20 -b 30 --rf-stranded -t 30   ./SRR5558491_1.fastqCounting SRR5558492 with kallisto
kallisto quant -i /home/adam/projects/2020-08-16_HCMV_M5_A19_1315_non-canonical/1-RP_kallisto_database/vector_TB40-nonCanonical_TB40_gencode34.idx -o SRR5558492 --single -l 200 -s 20 -b 30 --rf-stranded -t 30   ./SRR5558492_1.fastqCounting SRR5558493 with kallisto
kallisto quant -i /home/adam/projects/2020-08-16_HCMV_M5_A19_1315_non-canonical/1-RP_kallisto_database/vector_TB40-nonCanonical_TB40_gencode34.idx -o SRR5558493 --single -l 200 -s 20 -b 30 --rf-stranded -t 30   ./SRR5558493_1.fastqloop cycle COMPLETE
      user     system    elapsed 
131599.730   2177.971  20151.267 
