      study        run experiment   cell other replicate treament sample_acc
1 GSE118629 SRR8446409 SRX5253451 RWPE-1    NA         1 Parental SRS4255131
2 GSE118629 SRR8446410 SRX5253452 RWPE-1    NA         2 Parental SRS4255132
3 GSE118629 SRR8446411 SRX5253453 RWPE-1    NA         3 Parental SRS4255133
                                                     title
1 GSM3564278: RNA-seq in RWPE1 rep1; Homo sapiens; RNA-Seq
2 GSM3564279: RNA-seq in RWPE1 rep2; Homo sapiens; RNA-Seq
3 GSM3564280: RNA-seq in RWPE1 rep3; Homo sapiens; RNA-Seq
                                                                                     sample_attribute
1  || source_name: RNA-seq in RWPE1 || cell line: RWPE1 || cell type: Human normal prostate cell line
2  || source_name: RNA-seq in RWPE1 || cell line: RWPE1 || cell type: Human normal prostate cell line
3  || source_name: RNA-seq in RWPE1 || cell line: RWPE1 || cell type: Human normal prostate cell line
   spots            platform layout strategy       SRA
1 28.01M Illumina HiSeq 3000      S  RNA-Seq SRA759758
2 31.13M Illumina HiSeq 3000      S  RNA-Seq SRA759758
3 28.99M Illumina HiSeq 3000      S  RNA-Seq SRA759758


[1] "[detectPhred] Successfully imported metadata:"
numValues: 3, numResults: 0, stopped: TRUE
got results for task 1
numValues: 3, numResults: 1, stopped: TRUE
returning status FALSE
got results for task 2
numValues: 3, numResults: 2, stopped: TRUE
returning status FALSE
got results for task 3
numValues: 3, numResults: 3, stopped: TRUE
calling combine function
evaluating call object to combine results:
  fun(accum, result.1, result.2, result.3)
returning status TRUE
[1] "[detectPhred] ShortRead sampling completed"
[1] "[detectPhred] BEGIN PHRED DETECTION"
[1] "guess: --phred33:45:74"
[1] "guess: --phred33:45:74"
[1] "guess: --phred33:45:74"
[1] "[detectPhred] phreds: --phred33" "[detectPhred] phreds: --phred33"
[3] "[detectPhred] phreds: --phred33"
[1] "[detectPhred] Phred detection complete"


