     study        run experiment   cell other replicate treament sample_acc
1 GSE81493 SRR3533003 SRX1767584 RWPE-1    NA         1   Vector SRS1440275
2 GSE81493 SRR3533004 SRX1767585 RWPE-1    NA         2   Vector SRS1440276
3 GSE81493 SRR3533005 SRX1767586 RWPE-1    NA         3   Vector SRS1440278
                                                              title
1 GSM2154810: RWPE1 empty vector replicate 1; Homo sapiens; RNA-Seq
2 GSM2154811: RWPE1 empty vector replicate 2; Homo sapiens; RNA-Seq
3 GSM2154812: RWPE1 empty vector replicate 3; Homo sapiens; RNA-Seq
                                                                                                                                           sample_attribute
1  || source_name: RWPE1 empty vector || cell line: RWPE1 || cell type: human prostatic epithelial cell line || genotype/variation: expressing empty vector
2  || source_name: RWPE1 empty vector || cell line: RWPE1 || cell type: human prostatic epithelial cell line || genotype/variation: expressing empty vector
3  || source_name: RWPE1 empty vector || cell line: RWPE1 || cell type: human prostatic epithelial cell line || genotype/variation: expressing empty vector
   spots    platform layout strategy       SRA
1 33.85M NextSeq 500      S  RNA-Seq SRA426357
2 25.43M NextSeq 500      S  RNA-Seq SRA426357
3 28.95M NextSeq 500      S  RNA-Seq SRA426357


[1] "[detectPhred] Successfully imported metadata:"
numValues: 3, numResults: 0, stopped: TRUE
got results for task 1
numValues: 3, numResults: 1, stopped: TRUE
returning status FALSE
got results for task 2
numValues: 3, numResults: 2, stopped: TRUE
returning status FALSE
got results for task 3
numValues: 3, numResults: 3, stopped: TRUE
calling combine function
evaluating call object to combine results:
  fun(accum, result.1, result.2, result.3)
returning status TRUE
[1] "[detectPhred] ShortRead sampling completed"
[1] "[detectPhred] BEGIN PHRED DETECTION"
[1] "guess: --phred33:35:69"
[1] "guess: --phred33:35:69"
[1] "guess: --phred33:35:69"
[1] "[detectPhred] phreds: --phred33" "[detectPhred] phreds: --phred33"
[3] "[detectPhred] phreds: --phred33"
[1] "[detectPhred] Phred detection complete"


