[detectStrandedness] input metadata:         run    study experiment   cell other replicate treament sample_acc
1 SRR3533003 GSE81493 SRX1767584 RWPE-1    NA         1   Vector SRS1440275
2 SRR3533004 GSE81493 SRX1767585 RWPE-1    NA         2   Vector SRS1440276
3 SRR3533005 GSE81493 SRX1767586 RWPE-1    NA         3   Vector SRS1440278
                                                              title
1 GSM2154810: RWPE1 empty vector replicate 1; Homo sapiens; RNA-Seq
2 GSM2154811: RWPE1 empty vector replicate 2; Homo sapiens; RNA-Seq
3 GSM2154812: RWPE1 empty vector replicate 3; Homo sapiens; RNA-Seq
                                                                                                                                           sample_attribute
1  || source_name: RWPE1 empty vector || cell line: RWPE1 || cell type: human prostatic epithelial cell line || genotype/variation: expressing empty vector
2  || source_name: RWPE1 empty vector || cell line: RWPE1 || cell type: human prostatic epithelial cell line || genotype/variation: expressing empty vector
3  || source_name: RWPE1 empty vector || cell line: RWPE1 || cell type: human prostatic epithelial cell line || genotype/variation: expressing empty vector
   spots    platform layout strategy       SRA     phred
1 33.85M NextSeq 500      S  RNA-Seq SRA426357 --phred33
2 25.43M NextSeq 500      S  RNA-Seq SRA426357 --phred33
3 28.95M NextSeq 500      S  RNA-Seq SRA426357 --phred33


Determining strandedness of: SRR3533003 S --phred33

Determining strandedness of: SRR3533004 S --phred33

Determining strandedness of: SRR3533005 S --phred33
[1] "SRR3533003.SAMPLE.sam"
[1] "SRR3533004.SAMPLE.sam"
[1] "SRR3533005.SAMPLE.sam"
[infer_experiment.py]:SRR3533004 = single-end; F = 0.4822, R = 0.4908
[1] "[infer_experiment.py]: SRR3533004 unstranded"
[infer_experiment.py]:SRR3533003 = single-end; F = 0.4842, R = 0.4881
[1] "[infer_experiment.py]: SRR3533003 unstranded"
[infer_experiment.py]:SRR3533005 = single-end; F = 0.4768, R = 0.4955
[1] "[infer_experiment.py]: SRR3533005 unstranded"
