      study        run experiment   cell other replicate treament sample_acc
1 GSE112007 SRR6856295 SRX3811410 RWPE-1    NA         1  Control SRS3061927
2 GSE112007 SRR6856296 SRX3811411 RWPE-1    NA         2  Control SRS3061929
3 GSE112007 SRR6856297 SRX3811412 RWPE-1    NA         3  Control SRS3061928
                                    title
1 GSM3052833: RC_1; Homo sapiens; RNA-Seq
2 GSM3052834: RC_2; Homo sapiens; RNA-Seq
3 GSM3052835: RC_3; Homo sapiens; RNA-Seq
                                                                                               sample_attribute
1  || source_name: Prostate || cell line: RWPE-1 || treatment: control || cell type: normal || tissue: Prostate
2  || source_name: Prostate || cell line: RWPE-1 || treatment: control || cell type: normal || tissue: Prostate
3  || source_name: Prostate || cell line: RWPE-1 || treatment: control || cell type: normal || tissue: Prostate
   spots            platform layout strategy       SRA
1 42.98M Illumina HiSeq 4000      P  RNA-Seq SRA667612
2 24.59M Illumina HiSeq 4000      P  RNA-Seq SRA667612
3 28.14M Illumina HiSeq 4000      P  RNA-Seq SRA667612


[1] "[detectPhred] Successfully imported metadata:"
numValues: 6, numResults: 0, stopped: TRUE
got results for task 1
numValues: 6, numResults: 1, stopped: TRUE
returning status FALSE
got results for task 2
numValues: 6, numResults: 2, stopped: TRUE
returning status FALSE
got results for task 3
numValues: 6, numResults: 3, stopped: TRUE
returning status FALSE
got results for task 4
numValues: 6, numResults: 4, stopped: TRUE
returning status FALSE
got results for task 5
numValues: 6, numResults: 5, stopped: TRUE
returning status FALSE
got results for task 6
numValues: 6, numResults: 6, stopped: TRUE
calling combine function
evaluating call object to combine results:
  fun(accum, result.1, result.2, result.3, result.4, result.5, 
    result.6)
returning status TRUE
[1] "[detectPhred] ShortRead sampling completed"
[1] "[detectPhred] BEGIN PHRED DETECTION"
[1] "guess: --phred33:45:74"
[1] "guess: --phred33:45:74"
[1] "guess: --phred33:45:74"
[1] "guess: --phred33:45:74"
[1] "guess: --phred33:45:74"
[1] "guess: --phred33:45:74"
[1] "[detectPhred] phreds: --phred33" "[detectPhred] phreds: --phred33"
[3] "[detectPhred] phreds: --phred33" "[detectPhred] phreds: --phred33"
[5] "[detectPhred] phreds: --phred33" "[detectPhred] phreds: --phred33"
[1] "[detectPhred] Phred detection complete"


