      study        run experiment   cell   other replicate treament sample_acc
1 GSE126799 SRR8595046 SRX5395132 MCF10A PBS_BSA         1  Control SRS4382070
2 GSE126799 SRR8595047 SRX5395133 MCF10A PBS_BSA         2  Control SRS4382071
3 GSE126799 SRR8595048 SRX5395134 MCF10A PBS_BSA         3  Control SRS4382072
                                                         title
1 GSM3613448: AI011_MCF10A_Control_rep1; Homo sapiens; RNA-Seq
2 GSM3613449: AI011_MCF10A_Control_rep2; Homo sapiens; RNA-Seq
3 GSM3613450: AI011_MCF10A_Control_rep3; Homo sapiens; RNA-Seq
                                                                                                  sample_attribute
1  || source_name: MCF-10A cell line || sample_file_prefix: C1_S1 || treatment: Control || technical replicates: 1
2  || source_name: MCF-10A cell line || sample_file_prefix: C2_S2 || treatment: Control || technical replicates: 1
3  || source_name: MCF-10A cell line || sample_file_prefix: C3_S3 || treatment: Control || technical replicates: 1
   spots    platform layout strategy       SRA
1 91.18M NextSeq 500      S  RNA-Seq SRA850688
2  98.9M NextSeq 500      S  RNA-Seq SRA850688
3 79.69M NextSeq 500      S  RNA-Seq SRA850688


[1] "[detectPhred] Successfully imported metadata:"
numValues: 3, numResults: 0, stopped: TRUE
got results for task 1
numValues: 3, numResults: 1, stopped: TRUE
returning status FALSE
got results for task 2
numValues: 3, numResults: 2, stopped: TRUE
returning status FALSE
got results for task 3
numValues: 3, numResults: 3, stopped: TRUE
calling combine function
evaluating call object to combine results:
  fun(accum, result.1, result.2, result.3)
returning status TRUE
[1] "[detectPhred] ShortRead sampling completed"
[1] "[detectPhred] BEGIN PHRED DETECTION"
[1] "guess: --phred33:35:69"
[1] "guess: --phred33:35:69"
[1] "guess: --phred33:35:69"
[1] "[detectPhred] phreds: --phred33" "[detectPhred] phreds: --phred33"
[3] "[detectPhred] phreds: --phred33"
[1] "[detectPhred] Phred detection complete"


