[detectStrandedness] input metadata:         run     study experiment   cell   other replicate treament sample_acc
1 SRR8595046 GSE126799 SRX5395132 MCF10A PBS_BSA         1  Control SRS4382070
2 SRR8595047 GSE126799 SRX5395133 MCF10A PBS_BSA         2  Control SRS4382071
3 SRR8595048 GSE126799 SRX5395134 MCF10A PBS_BSA         3  Control SRS4382072
                                                         title
1 GSM3613448: AI011_MCF10A_Control_rep1; Homo sapiens; RNA-Seq
2 GSM3613449: AI011_MCF10A_Control_rep2; Homo sapiens; RNA-Seq
3 GSM3613450: AI011_MCF10A_Control_rep3; Homo sapiens; RNA-Seq
                                                                                                  sample_attribute
1  || source_name: MCF-10A cell line || sample_file_prefix: C1_S1 || treatment: Control || technical replicates: 1
2  || source_name: MCF-10A cell line || sample_file_prefix: C2_S2 || treatment: Control || technical replicates: 1
3  || source_name: MCF-10A cell line || sample_file_prefix: C3_S3 || treatment: Control || technical replicates: 1
   spots    platform layout strategy       SRA     phred
1 91.18M NextSeq 500      S  RNA-Seq SRA850688 --phred33
2  98.9M NextSeq 500      S  RNA-Seq SRA850688 --phred33
3 79.69M NextSeq 500      S  RNA-Seq SRA850688 --phred33


Determining strandedness of: SRR8595046 S --phred33

Determining strandedness of: SRR8595047 S --phred33

Determining strandedness of: SRR8595048 S --phred33
[1] "SRR8595046.SAMPLE.sam"
[1] "SRR8595047.SAMPLE.sam"
[1] "SRR8595048.SAMPLE.sam"
[infer_experiment.py]:SRR8595046 = single-end; F = 0.0312, R = 0.9303
[1] "[infer_experiment.py]: SRR8595046 --rna-strandness R"
[infer_experiment.py]:SRR8595048 = single-end; F = 0.0210, R = 0.9400
[1] "[infer_experiment.py]: SRR8595048 --rna-strandness R"
[infer_experiment.py]:SRR8595047 = single-end; F = 0.0241, R = 0.9379
[1] "[infer_experiment.py]: SRR8595047 --rna-strandness R"
