      study         run  experiment   cell other replicate treament  sample_acc
1 GSE189274 SRR16993449 SRX13183704 MCF10A    NA         1   Vector SRS11112928
2 GSE189274 SRR16993450 SRX13183705 MCF10A    NA         2   Vector SRS11112929
                                                title
1 GSM5696948: MCF10A - EV - R1; Homo sapiens; RNA-Seq
2 GSM5696949: MCF10A - EV - R2; Homo sapiens; RNA-Seq
                                                                                                                                                sample_attribute
1  || source_name: MCF10A || cell line: MCF10A spontaneously immortalized human breast epithelial cell line || stable infection: pLVX-Puro || condition: Control
2  || source_name: MCF10A || cell line: MCF10A spontaneously immortalized human breast epithelial cell line || stable infection: pLVX-Puro || condition: Control
   spots              platform layout strategy        SRA
1 36.74M Illumina NovaSeq 6000      P  RNA-Seq SRA1332496
2 24.78M Illumina NovaSeq 6000      P  RNA-Seq SRA1332496


[1] "[detectPhred] Successfully imported metadata:"
numValues: 4, numResults: 0, stopped: TRUE
got results for task 1
numValues: 4, numResults: 1, stopped: TRUE
returning status FALSE
got results for task 2
numValues: 4, numResults: 2, stopped: TRUE
returning status FALSE
got results for task 3
numValues: 4, numResults: 3, stopped: TRUE
returning status FALSE
got results for task 4
numValues: 4, numResults: 4, stopped: TRUE
calling combine function
evaluating call object to combine results:
  fun(accum, result.1, result.2, result.3, result.4)
returning status TRUE
[1] "[detectPhred] ShortRead sampling completed"
[1] "[detectPhred] BEGIN PHRED DETECTION"
[1] "guess: --phred33:35:70"
[1] "guess: --phred33:58:70"
[1] "guess: --phred33:35:70"
[1] "guess: --phred33:44:70"
[1] "[detectPhred] phreds: --phred33" "[detectPhred] phreds: --phred33"
[3] "[detectPhred] phreds: --phred33" "[detectPhred] phreds: --phred33"
[1] "[detectPhred] Phred detection complete"


