      study         run experiment cell other replicate treament sample_acc
1 GSE148992 SRR11576978 SRX8144825 MRC5    NA         1 Parental SRS6507685
2 GSE148992 SRR11576979 SRX8144826 MRC5    NA         2 Parental SRS6507686
3 GSE148992 SRR11576980 SRX8144827 MRC5    NA         3 Parental SRS6507687
                                      title
1 GSM4487065: MRC5_1; Homo sapiens; RNA-Seq
2 GSM4487066: MRC5_2; Homo sapiens; RNA-Seq
3 GSM4487067: MRC5_3; Homo sapiens; RNA-Seq
                                                                                              sample_attribute
1  || source_name: MRC5 || developmental stage: Fetal || cell line: fetal human lung fibroblast cell line MRC5
2  || source_name: MRC5 || developmental stage: Fetal || cell line: fetal human lung fibroblast cell line MRC5
3  || source_name: MRC5 || developmental stage: Fetal || cell line: fetal human lung fibroblast cell line MRC5
   spots            platform layout strategy        SRA
1  72.1M Illumina HiSeq 4000      P  RNA-Seq SRA1067442
2 70.44M Illumina HiSeq 4000      P  RNA-Seq SRA1067442
3 76.12M Illumina HiSeq 4000      P  RNA-Seq SRA1067442


[1] "[detectPhred] Successfully imported metadata:"
numValues: 6, numResults: 0, stopped: TRUE
got results for task 1
numValues: 6, numResults: 1, stopped: TRUE
returning status FALSE
got results for task 2
numValues: 6, numResults: 2, stopped: TRUE
returning status FALSE
got results for task 3
numValues: 6, numResults: 3, stopped: TRUE
returning status FALSE
got results for task 4
numValues: 6, numResults: 4, stopped: TRUE
returning status FALSE
got results for task 5
numValues: 6, numResults: 5, stopped: TRUE
returning status FALSE
got results for task 6
numValues: 6, numResults: 6, stopped: TRUE
calling combine function
evaluating call object to combine results:
  fun(accum, result.1, result.2, result.3, result.4, result.5, 
    result.6)
returning status TRUE
[1] "[detectPhred] ShortRead sampling completed"
[1] "[detectPhred] BEGIN PHRED DETECTION"
[1] "guess: --phred33:35:70"
[1] "guess: --phred33:58:70"
[1] "guess: --phred33:35:70"
[1] "guess: --phred33:58:70"
[1] "guess: --phred33:35:70"
[1] "guess: --phred33:44:70"
[1] "[detectPhred] phreds: --phred33" "[detectPhred] phreds: --phred33"
[3] "[detectPhred] phreds: --phred33" "[detectPhred] phreds: --phred33"
[5] "[detectPhred] phreds: --phred33" "[detectPhred] phreds: --phred33"
[1] "[detectPhred] Phred detection complete"


